OK: MkDir  C:\inetpub\wwwroot\poses\understood.org\local\Website\temp\installation_history\142FA43E4F06484D87CCB969C82D6EAD\app_config\include
OK: MoveIfNotExists C:\inetpub\wwwroot\poses\understood.org\local\Website\App_Config\Include\CustomItem.config C:\inetpub\wwwroot\poses\understood.org\local\Website\temp\installation_history\142FA43E4F06484D87CCB969C82D6EAD\app_config/include/customitem.config
OK: MkDir  C:\inetpub\wwwroot\poses\understood.org\local\Website\App_Config\Include
OK: Move C:\inetpub\wwwroot\poses\understood.org\local\Website\temp\install\142FA43E4F06484D87CCB969C82D6EAD\wn4zarfa.hxi C:\inetpub\wwwroot\poses\understood.org\local\Website\App_Config\Include\CustomItem.config
OK: MkDir  C:\inetpub\wwwroot\poses\understood.org\local\Website\temp\installation_history\142FA43E4F06484D87CCB969C82D6EAD\bin
OK: MoveIfNotExists C:\inetpub\wwwroot\poses\understood.org\local\Website\bin\CustomItemGenerator.dll C:\inetpub\wwwroot\poses\understood.org\local\Website\temp\installation_history\142FA43E4F06484D87CCB969C82D6EAD\bin/customitemgenerator.dll
OK: MkDir  C:\inetpub\wwwroot\poses\understood.org\local\Website\bin
OK: Move C:\inetpub\wwwroot\poses\understood.org\local\Website\temp\install\142FA43E4F06484D87CCB969C82D6EAD\e50dhk1b.pnh C:\inetpub\wwwroot\poses\understood.org\local\Website\bin\CustomItemGenerator.dll
OK: MkDir  C:\inetpub\wwwroot\poses\understood.org\local\Website\temp\installation_history\142FA43E4F06484D87CCB969C82D6EAD\bin
OK: MoveIfNotExists C:\inetpub\wwwroot\poses\understood.org\local\Website\bin\NVelocity.dll C:\inetpub\wwwroot\poses\understood.org\local\Website\temp\installation_history\142FA43E4F06484D87CCB969C82D6EAD\bin/nvelocity.dll
OK: MkDir  C:\inetpub\wwwroot\poses\understood.org\local\Website\bin
OK: Move C:\inetpub\wwwroot\poses\understood.org\local\Website\temp\install\142FA43E4F06484D87CCB969C82D6EAD\25busgi3.hfb C:\inetpub\wwwroot\poses\understood.org\local\Website\bin\NVelocity.dll
OK: MkDir  C:\inetpub\wwwroot\poses\understood.org\local\Website\temp\installation_history\142FA43E4F06484D87CCB969C82D6EAD\sitecore modules\shell\customitemgenerator\nvelocity templates
OK: MoveIfNotExists C:\inetpub\wwwroot\poses\understood.org\local\Website\sitecore modules\Shell\CustomItemGenerator\Nvelocity Templates\CustomItem.base.vm C:\inetpub\wwwroot\poses\understood.org\local\Website\temp\installation_history\142FA43E4F06484D87CCB969C82D6EAD\sitecore modules/shell/customitemgenerator/nvelocity templates/customitem.base.vm
OK: MkDir  C:\inetpub\wwwroot\poses\understood.org\local\Website\sitecore modules\Shell\CustomItemGenerator\Nvelocity Templates
OK: Move C:\inetpub\wwwroot\poses\understood.org\local\Website\temp\install\142FA43E4F06484D87CCB969C82D6EAD\lvfj4eoi.pw1 C:\inetpub\wwwroot\poses\understood.org\local\Website\sitecore modules\Shell\CustomItemGenerator\Nvelocity Templates\CustomItem.base.vm
OK: MkDir  C:\inetpub\wwwroot\poses\understood.org\local\Website\temp\installation_history\142FA43E4F06484D87CCB969C82D6EAD\sitecore modules\shell\customitemgenerator\nvelocity templates
OK: MoveIfNotExists C:\inetpub\wwwroot\poses\understood.org\local\Website\sitecore modules\Shell\CustomItemGenerator\Nvelocity Templates\CustomItem.partial.vm C:\inetpub\wwwroot\poses\understood.org\local\Website\temp\installation_history\142FA43E4F06484D87CCB969C82D6EAD\sitecore modules/shell/customitemgenerator/nvelocity templates/customitem.partial.vm
OK: MkDir  C:\inetpub\wwwroot\poses\understood.org\local\Website\sitecore modules\Shell\CustomItemGenerator\Nvelocity Templates
OK: Move C:\inetpub\wwwroot\poses\understood.org\local\Website\temp\install\142FA43E4F06484D87CCB969C82D6EAD\o50ododa.5fk C:\inetpub\wwwroot\poses\understood.org\local\Website\sitecore modules\Shell\CustomItemGenerator\Nvelocity Templates\CustomItem.partial.vm
OK: MkDir  C:\inetpub\wwwroot\poses\understood.org\local\Website\temp\installation_history\142FA43E4F06484D87CCB969C82D6EAD\sitecore modules\shell\customitemgenerator\sitecore xaml
OK: MoveIfNotExists C:\inetpub\wwwroot\poses\understood.org\local\Website\sitecore modules\Shell\CustomItemGenerator\Sitecore Xaml\xmlGenerateCustomItem.xml C:\inetpub\wwwroot\poses\understood.org\local\Website\temp\installation_history\142FA43E4F06484D87CCB969C82D6EAD\sitecore modules/shell/customitemgenerator/sitecore xaml/xmlgeneratecustomitem.xml
OK: MkDir  C:\inetpub\wwwroot\poses\understood.org\local\Website\sitecore modules\Shell\CustomItemGenerator\Sitecore Xaml
OK: Move C:\inetpub\wwwroot\poses\understood.org\local\Website\temp\install\142FA43E4F06484D87CCB969C82D6EAD\k1cmrh11.jfg C:\inetpub\wwwroot\poses\understood.org\local\Website\sitecore modules\Shell\CustomItemGenerator\Sitecore Xaml\xmlGenerateCustomItem.xml
OK: MkDir  C:\inetpub\wwwroot\poses\understood.org\local\Website\temp\installation_history\142FA43E4F06484D87CCB969C82D6EAD\sitecore modules\shell\customitemgenerator\sitecore xaml
OK: MoveIfNotExists C:\inetpub\wwwroot\poses\understood.org\local\Website\sitecore modules\Shell\CustomItemGenerator\Sitecore Xaml\xmlGenerateCustomItemByFolder.xml C:\inetpub\wwwroot\poses\understood.org\local\Website\temp\installation_history\142FA43E4F06484D87CCB969C82D6EAD\sitecore modules/shell/customitemgenerator/sitecore xaml/xmlgeneratecustomitembyfolder.xml
OK: MkDir  C:\inetpub\wwwroot\poses\understood.org\local\Website\sitecore modules\Shell\CustomItemGenerator\Sitecore Xaml
OK: Move C:\inetpub\wwwroot\poses\understood.org\local\Website\temp\install\142FA43E4F06484D87CCB969C82D6EAD\pjkrdhvt.hgu C:\inetpub\wwwroot\poses\understood.org\local\Website\sitecore modules\Shell\CustomItemGenerator\Sitecore Xaml\xmlGenerateCustomItemByFolder.xml
OK: Delete  C:\inetpub\wwwroot\poses\understood.org\local\Website\temp\install\142FA43E4F06484D87CCB969C82D6EAD-commit.bat
